0 info it worked if it ends with ok
1 verbose cli [ '/usr/local/bin/node', '/usr/local/bin/npm', 'install' ]
2 info using npm@3.10.10
3 info using node@v6.9.4
4 silly loadCurrentTree Starting
5 silly install loadCurrentTree
6 silly install readLocalPackageData
7 silly install normalizeTree
8 silly loadCurrentTree Finishing
9 silly loadIdealTree Starting
10 silly install loadIdealTree
11 silly cloneCurrentTree Starting
12 silly install cloneCurrentTreeToIdealTree
13 silly cloneCurrentTree Finishing
14 silly loadShrinkwrap Starting
15 silly install loadShrinkwrap
16 silly loadShrinkwrap Finishing
17 silly loadAllDepsIntoIdealTree Starting
18 silly install loadAllDepsIntoIdealTree
19 silly fetchNamedPackageData brunch
20 silly mapToRegistry name brunch
21 silly mapToRegistry using default registry
22 silly mapToRegistry registry https://registry.npmjs.org/
23 silly mapToRegistry data Result {
23 silly mapToRegistry   raw: 'brunch',
23 silly mapToRegistry   scope: null,
23 silly mapToRegistry   escapedName: 'brunch',
23 silly mapToRegistry   name: 'brunch',
23 silly mapToRegistry   rawSpec: '',
23 silly mapToRegistry   spec: 'latest',
23 silly mapToRegistry   type: 'tag' }
24 silly mapToRegistry uri https://registry.npmjs.org/brunch
25 verbose request uri https://registry.npmjs.org/brunch
26 verbose request no auth needed
27 info attempt registry request try #1 at 12:06:38 AM
28 verbose request id 503ac2100f31151c
29 verbose etag W/"588ac43a-43079"
30 verbose lastModified Fri, 27 Jan 2017 03:53:30 GMT
31 http request GET https://registry.npmjs.org/brunch
32 info retry will retry, error on last attempt: Error: connect EHOSTDOWN 151.101.60.162:443 - Local (0.0.0.0:0)
33 info attempt registry request try #2 at 12:06:48 AM
34 verbose etag W/"588ac43a-43079"
35 verbose lastModified Fri, 27 Jan 2017 03:53:30 GMT
36 http request GET https://registry.npmjs.org/brunch
37 info retry will retry, error on last attempt: Error: connect EHOSTDOWN 151.101.60.162:443 - Local (0.0.0.0:0)
38 info attempt registry request try #3 at 12:07:48 AM
39 verbose etag W/"588ac43a-43079"
40 verbose lastModified Fri, 27 Jan 2017 03:53:30 GMT
41 http request GET https://registry.npmjs.org/brunch
42 silly get cb [ 304, undefined ]
43 verbose etag https://registry.npmjs.org/brunch from cache
44 verbose get saving brunch to /Users/taorg/.npm/registry.npmjs.org/brunch/.cache.json
45 verbose correctMkdir /Users/taorg/.npm correctMkdir not in flight; initializing
46 silly fetchNamedPackageData No valid target from cache, forcing network
47 verbose request uri https://registry.npmjs.org/brunch
48 verbose request no auth needed
49 info attempt registry request try #1 at 12:07:48 AM
50 http request GET https://registry.npmjs.org/brunch
51 info retry will retry, error on last attempt: Error: connect EHOSTDOWN 151.101.60.162:443 - Local (0.0.0.0:0)
52 info attempt registry request try #2 at 12:07:58 AM
53 http request GET https://registry.npmjs.org/brunch
54 info retry will retry, error on last attempt: Error: connect EHOSTDOWN 151.101.60.162:443 - Local (0.0.0.0:0)
55 info attempt registry request try #3 at 12:08:58 AM
56 http request GET https://registry.npmjs.org/brunch
57 silly fetchPackageMetaData Error: connect EHOSTDOWN 151.101.60.162:443 - Local (0.0.0.0:0)
57 silly fetchPackageMetaData     at Object.exports._errnoException (util.js:1022:11)
57 silly fetchPackageMetaData     at exports._exceptionWithHostPort (util.js:1045:20)
57 silly fetchPackageMetaData     at connect (net.js:881:16)
57 silly fetchPackageMetaData     at net.js:1010:7
57 silly fetchPackageMetaData     at GetAddrInfoReqWrap.asyncCallback [as callback] (dns.js:62:16)
57 silly fetchPackageMetaData     at GetAddrInfoReqWrap.onlookup [as oncomplete] (dns.js:81:10)
57 silly fetchPackageMetaData  error for brunch@2.10.5 { Error: connect EHOSTDOWN 151.101.60.162:443 - Local (0.0.0.0:0)
57 silly fetchPackageMetaData     at Object.exports._errnoException (util.js:1022:11)
57 silly fetchPackageMetaData     at exports._exceptionWithHostPort (util.js:1045:20)
57 silly fetchPackageMetaData     at connect (net.js:881:16)
57 silly fetchPackageMetaData     at net.js:1010:7
57 silly fetchPackageMetaData     at GetAddrInfoReqWrap.asyncCallback [as callback] (dns.js:62:16)
57 silly fetchPackageMetaData     at GetAddrInfoReqWrap.onlookup [as oncomplete] (dns.js:81:10)
57 silly fetchPackageMetaData   code: 'EHOSTDOWN',
57 silly fetchPackageMetaData   errno: 'EHOSTDOWN',
57 silly fetchPackageMetaData   syscall: 'connect',
57 silly fetchPackageMetaData   address: '151.101.60.162',
57 silly fetchPackageMetaData   port: 443 }
58 silly rollbackFailedOptional Starting
59 silly rollbackFailedOptional Finishing
60 silly runTopLevelLifecycles Finishing
61 silly install printInstalled
62 verbose stack Error: connect EHOSTDOWN 151.101.60.162:443 - Local (0.0.0.0:0)
62 verbose stack     at Object.exports._errnoException (util.js:1022:11)
62 verbose stack     at exports._exceptionWithHostPort (util.js:1045:20)
62 verbose stack     at connect (net.js:881:16)
62 verbose stack     at net.js:1010:7
62 verbose stack     at GetAddrInfoReqWrap.asyncCallback [as callback] (dns.js:62:16)
62 verbose stack     at GetAddrInfoReqWrap.onlookup [as oncomplete] (dns.js:81:10)
63 verbose cwd /opt/tmp/rumbl
64 error Darwin 16.4.0
65 error argv "/usr/local/bin/node" "/usr/local/bin/npm" "install"
66 error node v6.9.4
67 error npm  v3.10.10
68 error code EHOSTDOWN
69 error errno EHOSTDOWN
70 error syscall connect
71 error connect EHOSTDOWN 151.101.60.162:443 - Local (0.0.0.0:0)
72 error If you need help, you may report this error at:
72 error     <https://github.com/npm/npm/issues>
73 verbose exit [ 1, true ]
